Using pre-set license
Built from '2020.3/staging' branch; Version is '2020.3.28f1 (f5400f52e03f) revision 16072719'; Using compiler version '192528614'; Build Type 'Release'
OS: 'Windows 10  (10.0.19043) 64bit Professional' Language: 'pt' Physical Memory: 16318 MB
BatchMode: 1, IsHumanControllingUs: 0, StartBugReporterOnCrash: 0, Is64bit: 1, IsPro: 0

COMMAND LINE ARGUMENTS:
C:\Program Files\Unity\Hub\Editor\2020.3.28f1\Editor\Unity.exe
-adb2
-batchMode
-noUpm
-name
AssetImportWorker0
-projectPath
C:/Users/marmi/Desktop/Ed area/Area_De_Teste
-logFile
Logs/AssetImportWorker0.log
-srvPort
61315
Successfully changed project path to: C:/Users/marmi/Desktop/Ed area/Area_De_Teste
C:/Users/marmi/Desktop/Ed area/Area_De_Teste
Using Asset Import Pipeline V2.
Refreshing native plugins compatible for Editor in 42.23 ms, found 2 plugins.
Preloading 0 native plugins for Editor in 0.00 ms.
Initialize engine version: 2020.3.28f1 (f5400f52e03f)
[Subsystems] Discovering subsystems at path C:/Program Files/Unity/Hub/Editor/2020.3.28f1/Editor/Data/Resources/UnitySubsystems
[Subsystems] Discovering subsystems at path C:/Users/marmi/Desktop/Ed area/Area_De_Teste/Assets
GfxDevice: creating device client; threaded=0
Direct3D:
    Version:  Direct3D 11.0 [level 11.1]
    Renderer: NVIDIA GeForce GTX 1050 Ti (ID=0x1c82)
    Vendor:   
    VRAM:     4018 MB
    Driver:   30.0.15.1215
Initialize mono
Mono path[0] = 'C:/Program Files/Unity/Hub/Editor/2020.3.28f1/Editor/Data/Managed'
Mono path[1] = 'C:/Program Files/Unity/Hub/Editor/2020.3.28f1/Editor/Data/MonoBleedingEdge/lib/mono/unityjit'
Mono config path = 'C:/Program Files/Unity/Hub/Editor/2020.3.28f1/Editor/Data/MonoBleedingEdge/etc'
Using monoOptions --debugger-agent=transport=dt_socket,embedding=1,server=y,suspend=n,address=127.0.0.1:56308
Begin MonoManager ReloadAssembly
Registering precompiled unity dll's ...
Register platform support module: C:/Program Files/Unity/Hub/Editor/2020.3.28f1/Editor/Data/PlaybackEngines/WebGLSupport/UnityEditor.WebGL.Extensions.dll
Register platform support module: C:/Program Files/Unity/Hub/Editor/2020.3.28f1/Editor/Data/PlaybackEngines/WindowsStandaloneSupport/UnityEditor.WindowsStandalone.Extensions.dll
Registered in 0.004948 seconds.
Native extension for WindowsStandalone target not found
Native extension for WebGL target not found
Refreshing native plugins compatible for Editor in 32.85 ms, found 2 plugins.
Preloading 0 native plugins for Editor in 0.00 ms.
Mono: successfully reloaded assembly
- Completed reload, in  0.816 seconds
Domain Reload Profiling:
	ReloadAssembly (816ms)
		BeginReloadAssembly (102ms)
			ExecutionOrderSort (0ms)
			DisableScriptedObjects (0ms)
			BackupInstance (0ms)
			ReleaseScriptingObjects (0ms)
			CreateAndSetChildDomain (1ms)
		EndReloadAssembly (621ms)
			LoadAssemblies (99ms)
			RebuildTransferFunctionScriptingTraits (0ms)
			SetupTypeCache (176ms)
			ReleaseScriptCaches (0ms)
			RebuildScriptCaches (34ms)
			SetupLoadedEditorAssemblies (176ms)
				LogAssemblyErrors (0ms)
				InitializePlatformSupportModulesInManaged (6ms)
				SetLoadedEditorAssemblies (0ms)
				RefreshPlugins (33ms)
				BeforeProcessingInitializeOnLoad (14ms)
				ProcessInitializeOnLoadAttributes (91ms)
				ProcessInitializeOnLoadMethodAttributes (30ms)
				AfterProcessingInitializeOnLoad (0ms)
				EditorAssembliesLoaded (0ms)
			ExecutionOrderSort2 (0ms)
			AwakeInstancesAfterBackupRestoration (0ms)
Platform modules already initialized, skipping
Registering precompiled user dll's ...
Registered in 0.011267 seconds.
Begin MonoManager ReloadAssembly
Native extension for WindowsStandalone target not found
Native extension for WebGL target not found
Refreshing native plugins compatible for Editor in 0.41 ms, found 2 plugins.
Preloading 0 native plugins for Editor in 0.00 ms.
Mono: successfully reloaded assembly
- Completed reload, in  1.274 seconds
Domain Reload Profiling:
	ReloadAssembly (1275ms)
		BeginReloadAssembly (203ms)
			ExecutionOrderSort (0ms)
			DisableScriptedObjects (6ms)
			BackupInstance (0ms)
			ReleaseScriptingObjects (0ms)
			CreateAndSetChildDomain (23ms)
		EndReloadAssembly (988ms)
			LoadAssemblies (144ms)
			RebuildTransferFunctionScriptingTraits (0ms)
			SetupTypeCache (330ms)
			ReleaseScriptCaches (0ms)
			RebuildScriptCaches (44ms)
			SetupLoadedEditorAssemblies (398ms)
				LogAssemblyErrors (0ms)
				InitializePlatformSupportModulesInManaged (7ms)
				SetLoadedEditorAssemblies (1ms)
				RefreshPlugins (1ms)
				BeforeProcessingInitializeOnLoad (112ms)
				ProcessInitializeOnLoadAttributes (253ms)
				ProcessInitializeOnLoadMethodAttributes (11ms)
				AfterProcessingInitializeOnLoad (14ms)
				EditorAssembliesLoaded (0ms)
			ExecutionOrderSort2 (0ms)
			AwakeInstancesAfterBackupRestoration (7ms)
Platform modules already initialized, skipping
========================================================================
Worker process is ready to serve import requests
Launched and connected shader compiler UnityShaderCompiler.exe after 0.10 seconds
Refreshing native plugins compatible for Editor in 0.37 ms, found 2 plugins.
Preloading 0 native plugins for Editor in 0.00 ms.
Unloading 1522 Unused Serialized files (Serialized files now loaded: 0)
System memory in use before: 69.6 MB.
System memory in use after: 69.7 MB.

Unloading 21 unused Assets to reduce memory usage. Loaded Objects now: 1960.
Total: 3.292900 ms (FindLiveObjects: 0.170200 ms CreateObjectMapping: 0.114000 ms MarkObjects: 2.911400 ms  DeleteObjects: 0.096500 ms)

AssetImportParameters requested are different than current active one (requested -> active):
  custom:framework-win-MediaFoundation: 216162199b28c13a410421893ffa2e32 -> 
  custom:video-decoder-ogg-theora: a1e56fd34408186e4bbccfd4996cb3dc -> 
  custom:container-muxer-webm: aa71ff27fc2769a1b78a27578f13a17b -> 
  custom:container-demuxer-webm: 4f35f7cbe854078d1ac9338744f61a02 -> 
  custom:container-demuxer-ogg: 62fdf1f143b41e24485cea50d1cbac27 -> 
  custom:video-encoder-webm-vp8: eb34c28f22e8b96e1ab97ce403110664 -> 
  custom:video-decoder-webm-vp8: 9c59270c3fd7afecdb556c50c9e8de78 -> 
  custom:audio-decoder-ogg-vorbis: bf7c407c2cedff20999df2af8eb42d56 -> 
  custom:audio-encoder-webm-vorbis: bf7c407c2cedff20999df2af8eb42d56 -> 
========================================================================
Received Import Request.
  path: Assets/TCC/Mimic/AtlasMimic.png
  artifactKey: Guid(8bc20344c60cda843b8ebe9236ece225) Importer(815301076,1909f56bfc062723c751e8b465ee728b)
Start importing Assets/TCC/Mimic/AtlasMimic.png using Guid(8bc20344c60cda843b8ebe9236ece225) Importer(815301076,1909f56bfc062723c751e8b465ee728b)  -> (artifact id: 'c488f88dc14fc48466d7d74c6a4fc9ed') in 0.106836 seconds 
  Import took 0.110169 seconds .

========================================================================
Received Import Request.
  Time since last request: 0.000329 seconds.
  path: Assets/TCC/Tiro.prefab
  artifactKey: Guid(f53024c3cec902b41a0a187511dc51ca) Importer(815301076,1909f56bfc062723c751e8b465ee728b)
Start importing Assets/TCC/Tiro.prefab using Guid(f53024c3cec902b41a0a187511dc51ca) Importer(815301076,1909f56bfc062723c751e8b465ee728b)  -> (artifact id: 'd8e1e1dbcc777ab16fa77b4341d92bd7') in 0.118166 seconds 
  Import took 0.121491 seconds .

========================================================================
Received Import Request.
  Time since last request: 0.000321 seconds.
  path: Assets/TCC/Mimic
  artifactKey: Guid(bf051ff59b2669547a3c40c5d74f0540) Importer(815301076,1909f56bfc062723c751e8b465ee728b)
Start importing Assets/TCC/Mimic using Guid(bf051ff59b2669547a3c40c5d74f0540) Importer(815301076,1909f56bfc062723c751e8b465ee728b)  -> (artifact id: '46a0b5af4c9b36fcb13e61446231fb75') in 0.009340 seconds 
  Import took 0.013291 seconds .

========================================================================
Received Import Request.
  Time since last request: 0.000318 seconds.
  path: Assets/TCC/Area_De_Fogo.prefab
  artifactKey: Guid(3dd78097fee308e479db988e43baeb4c) Importer(815301076,1909f56bfc062723c751e8b465ee728b)
Start importing Assets/TCC/Area_De_Fogo.prefab using Guid(3dd78097fee308e479db988e43baeb4c) Importer(815301076,1909f56bfc062723c751e8b465ee728b)  -> (artifact id: '76fbcb14bdbdfe9261fbbb1e8f4911da') in 0.011721 seconds 
  Import took 0.015442 seconds .

========================================================================
Received Import Request.
  Time since last request: 0.000258 seconds.
  path: Assets/TCC/Mimic/Prebafs
  artifactKey: Guid(5fca4970cc3c6de4493abfd22efe1555) Importer(815301076,1909f56bfc062723c751e8b465ee728b)
Start importing Assets/TCC/Mimic/Prebafs using Guid(5fca4970cc3c6de4493abfd22efe1555) Importer(815301076,1909f56bfc062723c751e8b465ee728b)  -> (artifact id: 'c391fe77a99339e5ad9056183c6b726a') in 0.008998 seconds 
  Import took 0.012477 seconds .

========================================================================
Received Import Request.
  Time since last request: 0.000264 seconds.
  path: Assets/TCC/Mimic.prefab
  artifactKey: Guid(46b4fa0daa78e1742a49565af6aa7830) Importer(815301076,1909f56bfc062723c751e8b465ee728b)
Start importing Assets/TCC/Mimic.prefab using Guid(46b4fa0daa78e1742a49565af6aa7830) Importer(815301076,1909f56bfc062723c751e8b465ee728b)  -> (artifact id: '4f553092364862e441112e8fb273099d') in 0.260497 seconds 
  Import took 0.263789 seconds .

========================================================================
Received Import Request.
  Time since last request: 0.000273 seconds.
  path: Assets/TCC/Mimic/Prebafs/Mimic_Verao2.prefab
  artifactKey: Guid(5b1d4c939ce7bf4418179c5c6c63fc06) Importer(815301076,1909f56bfc062723c751e8b465ee728b)
Start importing Assets/TCC/Mimic/Prebafs/Mimic_Verao2.prefab using Guid(5b1d4c939ce7bf4418179c5c6c63fc06) Importer(815301076,1909f56bfc062723c751e8b465ee728b)  -> (artifact id: '441f8f9f7e2e5fd774eeb45107056d6d') in 0.399576 seconds 
  Import took 0.402969 seconds .

========================================================================
Received Import Request.
  Time since last request: 0.000401 seconds.
  path: Assets/TCC/Mimic/Prebafs/Mimic_Outono.prefab
  artifactKey: Guid(2503496fd8148f84cbf098c5f7422834) Importer(815301076,1909f56bfc062723c751e8b465ee728b)
Start importing Assets/TCC/Mimic/Prebafs/Mimic_Outono.prefab using Guid(2503496fd8148f84cbf098c5f7422834) Importer(815301076,1909f56bfc062723c751e8b465ee728b)  -> (artifact id: '92c1f848f089bbc19411611f3317e3f1') in 0.046514 seconds 
  Import took 0.050825 seconds .

========================================================================
Received Import Request.
  Time since last request: 0.000314 seconds.
  path: Assets/TCC/Mimic/Prebafs/Mimic_Inverno.prefab
  artifactKey: Guid(39387af7e9d7a8a45abc277966ec3fac) Importer(815301076,1909f56bfc062723c751e8b465ee728b)
Start importing Assets/TCC/Mimic/Prebafs/Mimic_Inverno.prefab using Guid(39387af7e9d7a8a45abc277966ec3fac) Importer(815301076,1909f56bfc062723c751e8b465ee728b)  -> (artifact id: '070e710d7a7b78891e7133dad89f28c4') in 0.033560 seconds 
  Import took 0.049045 seconds .

========================================================================
Received Import Request.
  Time since last request: 0.000286 seconds.
  path: Assets/TCC/Mimic/Prebafs/Mimic_Primavera.prefab
  artifactKey: Guid(cfea537b68831e84fa557d2cb4cc2a38) Importer(815301076,1909f56bfc062723c751e8b465ee728b)
Start importing Assets/TCC/Mimic/Prebafs/Mimic_Primavera.prefab using Guid(cfea537b68831e84fa557d2cb4cc2a38) Importer(815301076,1909f56bfc062723c751e8b465ee728b)  -> (artifact id: '3ec04b0cda7ade3ddccb28e7bd70038f') in 0.267907 seconds 
  Import took 0.272030 seconds .

========================================================================
Received Import Request.
  Time since last request: 0.000359 seconds.
  path: Assets/TCC/Mimic/Prebafs/Mimic_Verao1.prefab
  artifactKey: Guid(54c56f3d3c02cff4089595b49c9af916) Importer(815301076,1909f56bfc062723c751e8b465ee728b)
Start importing Assets/TCC/Mimic/Prebafs/Mimic_Verao1.prefab using Guid(54c56f3d3c02cff4089595b49c9af916) Importer(815301076,1909f56bfc062723c751e8b465ee728b)  -> (artifact id: '160203bce0587ec917cf58b14a1bc1b6') in 0.029916 seconds 
  Import took 0.033785 seconds .

========================================================================
Received Import Request.
  Time since last request: 0.000339 seconds.
  path: Assets/TCC/Mimic/Prebafs/Mimic_Outono2.prefab
  artifactKey: Guid(0484ca18841a0024692dd72f5ca4de3e) Importer(815301076,1909f56bfc062723c751e8b465ee728b)
Start importing Assets/TCC/Mimic/Prebafs/Mimic_Outono2.prefab using Guid(0484ca18841a0024692dd72f5ca4de3e) Importer(815301076,1909f56bfc062723c751e8b465ee728b)  -> (artifact id: 'b05fb82a3e83867befddf64b0807d4ed') in 0.050397 seconds 
  Import took 0.054562 seconds .

AssetImportWorkerClient::OnTransportError - code=2 error=End of file
